[debug] [2025-01-22T12:17:26.643Z] ----------------------------------------------------------------------
[debug] [2025-01-22T12:17:26.645Z] Command:       /usr/bin/node /usr/local/bin/firebase deploy
[debug] [2025-01-22T12:17:26.645Z] CLI Version:   13.29.1
[debug] [2025-01-22T12:17:26.645Z] Platform:      linux
[debug] [2025-01-22T12:17:26.646Z] Node Version:  v18.19.1
[debug] [2025-01-22T12:17:26.646Z] Time:          Wed Jan 22 2025 15:17:26 GMT+0300 (East Africa Time)
[debug] [2025-01-22T12:17:26.646Z] ----------------------------------------------------------------------
[debug] 
[debug] [2025-01-22T12:17:26.700Z] > command requires scopes: ["email","openid","https://www.googleapis.com/auth/cloudplatformprojects.readonly","https://www.googleapis.com/auth/firebase","https://www.googleapis.com/auth/cloud-platform"]
[debug] [2025-01-22T12:17:26.700Z] > authorizing via signed-in user (josoajuliano@gmail.com)
[debug] [2025-01-22T12:17:26.701Z] [iam] checking project ahofamg for permissions ["firebase.projects.get","firebasehosting.sites.update"]
[debug] [2025-01-22T12:17:26.702Z] Checked if tokens are valid: true, expires at: 1737551792865
[debug] [2025-01-22T12:17:26.702Z] Checked if tokens are valid: true, expires at: 1737551792865
[debug] [2025-01-22T12:17:26.703Z] >>> [apiv2][query] POST https://cloudresourcemanager.googleapis.com/v1/projects/ahofamg:testIamPermissions [none]
[debug] [2025-01-22T12:17:26.703Z] >>> [apiv2][(partial)header] POST https://cloudresourcemanager.googleapis.com/v1/projects/ahofamg:testIamPermissions x-goog-quota-user=projects/ahofamg
[debug] [2025-01-22T12:17:26.704Z] >>> [apiv2][body] POST https://cloudresourcemanager.googleapis.com/v1/projects/ahofamg:testIamPermissions {"permissions":["firebase.projects.get","firebasehosting.sites.update"]}
[debug] [2025-01-22T12:17:28.722Z] <<< [apiv2][status] POST https://cloudresourcemanager.googleapis.com/v1/projects/ahofamg:testIamPermissions 200
[debug] [2025-01-22T12:17:28.722Z] <<< [apiv2][body] POST https://cloudresourcemanager.googleapis.com/v1/projects/ahofamg:testIamPermissions {"permissions":["firebase.projects.get","firebasehosting.sites.update"]}
[debug] [2025-01-22T12:17:28.723Z] Checked if tokens are valid: true, expires at: 1737551792865
[debug] [2025-01-22T12:17:28.723Z] Checked if tokens are valid: true, expires at: 1737551792865
[debug] [2025-01-22T12:17:28.724Z] >>> [apiv2][query] GET https://firebase.googleapis.com/v1beta1/projects/ahofamg [none]
[debug] [2025-01-22T12:17:29.508Z] <<< [apiv2][status] GET https://firebase.googleapis.com/v1beta1/projects/ahofamg 200
[debug] [2025-01-22T12:17:29.508Z] <<< [apiv2][body] GET https://firebase.googleapis.com/v1beta1/projects/ahofamg {"projectId":"ahofamg","projectNumber":"698594922142","displayName":"AhofaMG","name":"projects/ahofamg","resources":{"hostingSite":"ahofamg"},"state":"ACTIVE","etag":"1_50c6333b-6a76-4a89-a29d-79a1fb6780dd"}
[info] 
   Thank you for trying our early preview of Next.js support on Firebase Hosting.
   During the preview, support is best-effort and breaking changes can be expected. Proceed with caution.
   The integration is known to work with Next.js version 12 - 15.0. You may encounter errors.

   Documentation: https://firebase.google.com/docs/hosting/frameworks/nextjs
   File a bug: https://github.com/firebase/firebase-tools/issues/new?template=bug_report.md
   Submit a feature request: https://github.com/firebase/firebase-tools/issues/new?template=feature_request.md

   We'd love to learn from you. Express your interest in helping us shape the future of Firebase Hosting: https://goo.gle/41enW5X

[debug] [2025-01-22T12:17:34.396Z] Checked if tokens are valid: true, expires at: 1737551792865
[debug] [2025-01-22T12:17:34.396Z] Checked if tokens are valid: true, expires at: 1737551792865
[debug] [2025-01-22T12:17:34.396Z] >>> [apiv2][query] GET https://firebasehosting.googleapis.com/v1beta1/projects/ahofamg/sites/ahofamg [none]
[debug] [2025-01-22T12:17:36.809Z] <<< [apiv2][status] GET https://firebasehosting.googleapis.com/v1beta1/projects/ahofamg/sites/ahofamg 200
[debug] [2025-01-22T12:17:36.809Z] <<< [apiv2][body] GET https://firebasehosting.googleapis.com/v1beta1/projects/ahofamg/sites/ahofamg {"name":"projects/ahofamg/sites/ahofamg","defaultUrl":"https://ahofamg.web.app","appId":"1:698594922142:web:25d412d3b81116e583758f","type":"DEFAULT_SITE"}
[info]    ▲ Next.js 15.1.5

[info] 

[info]    Creating an optimized production build ...

[info]  ✓ Compiled successfully

[info]    Linting and checking validity of types ...

[info]    Collecting page data ...

